  window.cpp
  game.cpp
c:\users\elnin\documents\visual studio 2015\projects\textureforest\textureforest\game.cpp(42): error C2660: 'Forest::Render': function does not take 1 arguments
  forest.cpp
c:\users\elnin\documents\visual studio 2015\projects\textureforest\textureforest\forest.cpp(20): warning C4244: 'argument': conversion from 'const int' to 'float', possible loss of data
c:\users\elnin\documents\visual studio 2015\projects\textureforest\textureforest\forest.cpp(25): warning C4244: 'argument': conversion from 'const int' to 'float', possible loss of data
c:\users\elnin\documents\visual studio 2015\projects\textureforest\textureforest\forest.cpp(30): warning C4244: 'argument': conversion from 'const int' to 'float', possible loss of data
c:\users\elnin\documents\visual studio 2015\projects\textureforest\textureforest\forest.cpp(139): error C2065: 'forest_': undeclared identifier
c:\users\elnin\documents\visual studio 2015\projects\textureforest\textureforest\forest.cpp(139): error C2228: left of '.GetHeight' must have class/struct/union
  c:\users\elnin\documents\visual studio 2015\projects\textureforest\textureforest\forest.cpp(139): note: type is 'unknown-type'
c:\users\elnin\documents\visual studio 2015\projects\textureforest\textureforest\forest.cpp(141): error C2065: 'forest_': undeclared identifier
c:\users\elnin\documents\visual studio 2015\projects\textureforest\textureforest\forest.cpp(141): error C2228: left of '.GetWidth' must have class/struct/union
  c:\users\elnin\documents\visual studio 2015\projects\textureforest\textureforest\forest.cpp(141): note: type is 'unknown-type'
c:\users\elnin\documents\visual studio 2015\projects\textureforest\textureforest\forest.cpp(143): error C2065: 'forest_': undeclared identifier
c:\users\elnin\documents\visual studio 2015\projects\textureforest\textureforest\forest.cpp(143): error C2228: left of '.GetData' must have class/struct/union
  c:\users\elnin\documents\visual studio 2015\projects\textureforest\textureforest\forest.cpp(143): note: type is 'unknown-type'
c:\users\elnin\documents\visual studio 2015\projects\textureforest\textureforest\forest.cpp(143): error C2228: left of '.current_status_' must have class/struct/union
c:\users\elnin\documents\visual studio 2015\projects\textureforest\textureforest\forest.cpp(145): warning C4244: 'argument': conversion from 'int' to 'float', possible loss of data
c:\users\elnin\documents\visual studio 2015\projects\textureforest\textureforest\forest.cpp(146): error C2065: 'main_window_': undeclared identifier
c:\users\elnin\documents\visual studio 2015\projects\textureforest\textureforest\forest.cpp(146): error C2228: left of '.Draw' must have class/struct/union
  c:\users\elnin\documents\visual studio 2015\projects\textureforest\textureforest\forest.cpp(146): note: type is 'unknown-type'
c:\users\elnin\documents\visual studio 2015\projects\textureforest\textureforest\forest.cpp(148): error C2065: 'forest_': undeclared identifier
c:\users\elnin\documents\visual studio 2015\projects\textureforest\textureforest\forest.cpp(148): error C2228: left of '.GetData' must have class/struct/union
  c:\users\elnin\documents\visual studio 2015\projects\textureforest\textureforest\forest.cpp(148): note: type is 'unknown-type'
c:\users\elnin\documents\visual studio 2015\projects\textureforest\textureforest\forest.cpp(148): error C2228: left of '.current_status_' must have class/struct/union
c:\users\elnin\documents\visual studio 2015\projects\textureforest\textureforest\forest.cpp(150): warning C4244: 'argument': conversion from 'int' to 'float', possible loss of data
c:\users\elnin\documents\visual studio 2015\projects\textureforest\textureforest\forest.cpp(151): error C2065: 'main_window_': undeclared identifier
c:\users\elnin\documents\visual studio 2015\projects\textureforest\textureforest\forest.cpp(151): error C2228: left of '.Draw' must have class/struct/union
  c:\users\elnin\documents\visual studio 2015\projects\textureforest\textureforest\forest.cpp(151): note: type is 'unknown-type'
c:\users\elnin\documents\visual studio 2015\projects\textureforest\textureforest\forest.cpp(153): error C2065: 'forest_': undeclared identifier
c:\users\elnin\documents\visual studio 2015\projects\textureforest\textureforest\forest.cpp(153): error C2228: left of '.GetData' must have class/struct/union
  c:\users\elnin\documents\visual studio 2015\projects\textureforest\textureforest\forest.cpp(153): note: type is 'unknown-type'
c:\users\elnin\documents\visual studio 2015\projects\textureforest\textureforest\forest.cpp(153): error C2228: left of '.current_status_' must have class/struct/union
c:\users\elnin\documents\visual studio 2015\projects\textureforest\textureforest\forest.cpp(155): warning C4244: 'argument': conversion from 'int' to 'float', possible loss of data
c:\users\elnin\documents\visual studio 2015\projects\textureforest\textureforest\forest.cpp(156): error C2065: 'main_window_': undeclared identifier
c:\users\elnin\documents\visual studio 2015\projects\textureforest\textureforest\forest.cpp(156): error C2228: left of '.Draw' must have class/struct/union
  c:\users\elnin\documents\visual studio 2015\projects\textureforest\textureforest\forest.cpp(156): note: type is 'unknown-type'
c:\users\elnin\documents\visual studio 2015\projects\textureforest\textureforest\forest.cpp(198): error C2065: 'GROW_TREE': undeclared identifier
c:\users\elnin\documents\visual studio 2015\projects\textureforest\textureforest\forest.cpp(202): error C2065: 'BURN_TREE': undeclared identifier
c:\users\elnin\documents\visual studio 2015\projects\textureforest\textureforest\forest.cpp(206): error C2065: 'DEAD_TREE': undeclared identifier
  Generating Code...
  Compiling...
  main.cpp
  Generating Code...
