  helloworld.cpp
c:\program files (x86)\windows kits\10\include\10.0.10240.0\ucrt\time.h(35): warning C4820: '_timespec64': '4' bytes padding added after data member '_timespec64::tv_nsec'
c:\program files (x86)\windows kits\10\include\10.0.10240.0\ucrt\time.h(42): warning C4820: 'timespec': '4' bytes padding added after data member 'timespec::tv_nsec'
c:\users\elnin\documents\visual studio 2015\projects\consoleapplication7\consoleapplication7\profile.h(17): warning C4820: 'LogDuration': '4' bytes padding added after data member 'LogDuration::message'
c:\program files (x86)\windows kits\10\include\10.0.10240.0\ucrt\math.h(278): warning C4514: 'fpclassify': unreferenced inline function has been removed
c:\program files (x86)\windows kits\10\include\10.0.10240.0\ucrt\math.h(283): warning C4514: 'fpclassify': unreferenced inline function has been removed
c:\program files (x86)\windows kits\10\include\10.0.10240.0\ucrt\math.h(288): warning C4514: 'fpclassify': unreferenced inline function has been removed
c:\program files (x86)\windows kits\10\include\10.0.10240.0\ucrt\math.h(293): warning C4514: 'signbit': unreferenced inline function has been removed
c:\program files (x86)\windows kits\10\include\10.0.10240.0\ucrt\math.h(298): warning C4514: 'signbit': unreferenced inline function has been removed
c:\program files (x86)\windows kits\10\include\10.0.10240.0\ucrt\math.h(303): warning C4514: 'signbit': unreferenced inline function has been removed
c:\program files (x86)\windows kits\10\include\10.0.10240.0\ucrt\math.h(308): warning C4514: '_fpcomp': unreferenced inline function has been removed
c:\program files (x86)\windows kits\10\include\10.0.10240.0\ucrt\math.h(313): warning C4514: '_fpcomp': unreferenced inline function has been removed
c:\program files (x86)\windows kits\10\include\10.0.10240.0\ucrt\math.h(318): warning C4514: '_fpcomp': unreferenced inline function has been removed
c:\program files (x86)\windows kits\10\include\10.0.10240.0\ucrt\math.h(794): warning C4514: '_chgsignl': unreferenced inline function has been removed
c:\program files (x86)\windows kits\10\include\10.0.10240.0\ucrt\math.h(801): warning C4514: '_copysignl': unreferenced inline function has been removed
c:\program files (x86)\windows kits\10\include\10.0.10240.0\ucrt\math.h(855): warning C4514: '_hypotl': unreferenced inline function has been removed
c:\program files (x86)\microsoft visual studio 14.0\vc\include\cmath(17): warning C4514: 'abs': unreferenced inline function has been removed
c:\program files (x86)\microsoft visual studio 14.0\vc\include\cmath(22): warning C4514: 'pow': unreferenced inline function has been removed
c:\program files (x86)\microsoft visual studio 14.0\vc\include\cmath(30): warning C4514: 'abs': unreferenced inline function has been removed
c:\program files (x86)\microsoft visual studio 14.0\vc\include\cmath(35): warning C4514: 'acos': unreferenced inline function has been removed
c:\program files (x86)\microsoft visual studio 14.0\vc\include\cmath(40): warning C4514: 'acosh': unreferenced inline function has been removed
c:\program files (x86)\microsoft visual studio 14.0\vc\include\cmath(45): warning C4514: 'asin': unreferenced inline function has been removed
c:\program files (x86)\microsoft visual studio 14.0\vc\include\cmath(50): warning C4514: 'asinh': unreferenced inline function has been removed
c:\program files (x86)\microsoft visual studio 14.0\vc\include\cmath(55): warning C4514: 'atan': unreferenced inline function has been removed
c:\program files (x86)\microsoft visual studio 14.0\vc\include\cmath(60): warning C4514: 'atanh': unreferenced inline function has been removed
c:\program files (x86)\microsoft visual studio 14.0\vc\include\cmath(65): warning C4514: 'atan2': unreferenced inline function has been removed
c:\program files (x86)\microsoft visual studio 14.0\vc\include\cmath(70): warning C4514: 'cbrt': unreferenced inline function has been removed
c:\program files (x86)\microsoft visual studio 14.0\vc\include\cmath(75): warning C4514: 'ceil': unreferenced inline function has been removed
c:\program files (x86)\microsoft visual studio 14.0\vc\include\cmath(80): warning C4514: 'copysign': unreferenced inline function has been removed
c:\program files (x86)\microsoft visual studio 14.0\vc\include\cmath(86): warning C4514: 'cos': unreferenced inline function has been removed
c:\program files (x86)\microsoft visual studio 14.0\vc\include\cmath(91): warning C4514: 'cosh': unreferenced inline function has been removed
c:\program files (x86)\microsoft visual studio 14.0\vc\include\cmath(96): warning C4514: 'erf': unreferenced inline function has been removed
c:\program files (x86)\microsoft visual studio 14.0\vc\include\cmath(101): warning C4514: 'erfc': unreferenced inline function has been removed
c:\program files (x86)\microsoft visual studio 14.0\vc\include\cmath(106): warning C4514: 'exp': unreferenced inline function has been removed
c:\program files (x86)\microsoft visual studio 14.0\vc\include\cmath(111): warning C4514: 'exp2': unreferenced inline function has been removed
c:\program files (x86)\microsoft visual studio 14.0\vc\include\cmath(116): warning C4514: 'expm1': unreferenced inline function has been removed
c:\program files (x86)\microsoft visual studio 14.0\vc\include\cmath(121): warning C4514: 'fabs': unreferenced inline function has been removed
c:\program files (x86)\microsoft visual studio 14.0\vc\include\cmath(126): warning C4514: 'fdim': unreferenced inline function has been removed
c:\program files (x86)\microsoft visual studio 14.0\vc\include\cmath(131): warning C4514: 'floor': unreferenced inline function has been removed
c:\program files (x86)\microsoft visual studio 14.0\vc\include\cmath(136): warning C4514: 'fma': unreferenced inline function has been removed
c:\program files (x86)\microsoft visual studio 14.0\vc\include\cmath(142): warning C4514: 'fmax': unreferenced inline function has been removed
c:\program files (x86)\microsoft visual studio 14.0\vc\include\cmath(147): warning C4514: 'fmin': unreferenced inline function has been removed
c:\program files (x86)\microsoft visual studio 14.0\vc\include\cmath(152): warning C4514: 'fmod': unreferenced inline function has been removed
c:\program files (x86)\microsoft visual studio 14.0\vc\include\cmath(157): warning C4514: 'frexp': unreferenced inline function has been removed
c:\program files (x86)\microsoft visual studio 14.0\vc\include\cmath(162): warning C4514: 'hypot': unreferenced inline function has been removed
c:\program files (x86)\microsoft visual studio 14.0\vc\include\cmath(167): warning C4514: 'ilogb': unreferenced inline function has been removed
c:\program files (x86)\microsoft visual studio 14.0\vc\include\cmath(172): warning C4514: 'ldexp': unreferenced inline function has been removed
c:\program files (x86)\microsoft visual studio 14.0\vc\include\cmath(177): warning C4514: 'lgamma': unreferenced inline function has been removed
c:\program files (x86)\microsoft visual studio 14.0\vc\include\cmath(182): warning C4514: 'llrint': unreferenced inline function has been removed
c:\program files (x86)\microsoft visual studio 14.0\vc\include\cmath(187): warning C4514: 'llround': unreferenced inline function has been removed
c:\program files (x86)\microsoft visual studio 14.0\vc\include\cmath(192): warning C4514: 'log': unreferenced inline function has been removed
c:\program files (x86)\microsoft visual studio 14.0\vc\include\cmath(197): warning C4514: 'log10': unreferenced inline function has been removed
c:\program files (x86)\microsoft visual studio 14.0\vc\include\cmath(202): warning C4514: 'log1p': unreferenced inline function has been removed
c:\program files (x86)\microsoft visual studio 14.0\vc\include\cmath(207): warning C4514: 'log2': unreferenced inline function has been removed
c:\program files (x86)\microsoft visual studio 14.0\vc\include\cmath(212): warning C4514: 'logb': unreferenced inline function has been removed
c:\program files (x86)\microsoft visual studio 14.0\vc\include\cmath(217): warning C4514: 'lrint': unreferenced inline function has been removed
c:\program files (x86)\microsoft visual studio 14.0\vc\include\cmath(222): warning C4514: 'lround': unreferenced inline function has been removed
c:\program files (x86)\microsoft visual studio 14.0\vc\include\cmath(227): warning C4514: 'modf': unreferenced inline function has been removed
c:\program files (x86)\microsoft visual studio 14.0\vc\include\cmath(232): warning C4514: 'nearbyint': unreferenced inline function has been removed
c:\program files (x86)\microsoft visual studio 14.0\vc\include\cmath(237): warning C4514: 'nextafter': unreferenced inline function has been removed
c:\program files (x86)\microsoft visual studio 14.0\vc\include\cmath(242): warning C4514: 'nexttoward': unreferenced inline function has been removed
c:\program files (x86)\microsoft visual studio 14.0\vc\include\cmath(248): warning C4514: 'pow': unreferenced inline function has been removed
c:\program files (x86)\microsoft visual studio 14.0\vc\include\cmath(254): warning C4514: 'pow': unreferenced inline function has been removed
c:\program files (x86)\microsoft visual studio 14.0\vc\include\cmath(262): warning C4514: 'remainder': unreferenced inline function has been removed
c:\program files (x86)\microsoft visual studio 14.0\vc\include\cmath(267): warning C4514: 'remquo': unreferenced inline function has been removed
c:\program files (x86)\microsoft visual studio 14.0\vc\include\cmath(273): warning C4514: 'rint': unreferenced inline function has been removed
c:\program files (x86)\microsoft visual studio 14.0\vc\include\cmath(278): warning C4514: 'round': unreferenced inline function has been removed
c:\program files (x86)\microsoft visual studio 14.0\vc\include\cmath(283): warning C4514: 'scalbln': unreferenced inline function has been removed
c:\program files (x86)\microsoft visual studio 14.0\vc\include\cmath(288): warning C4514: 'scalbn': unreferenced inline function has been removed
c:\program files (x86)\microsoft visual studio 14.0\vc\include\cmath(293): warning C4514: 'sin': unreferenced inline function has been removed
c:\program files (x86)\microsoft visual studio 14.0\vc\include\cmath(298): warning C4514: 'sinh': unreferenced inline function has been removed
c:\program files (x86)\microsoft visual studio 14.0\vc\include\cmath(303): warning C4514: 'sqrt': unreferenced inline function has been removed
c:\program files (x86)\microsoft visual studio 14.0\vc\include\cmath(308): warning C4514: 'tan': unreferenced inline function has been removed
c:\program files (x86)\microsoft visual studio 14.0\vc\include\cmath(313): warning C4514: 'tanh': unreferenced inline function has been removed
c:\program files (x86)\microsoft visual studio 14.0\vc\include\cmath(318): warning C4514: 'tgamma': unreferenced inline function has been removed
c:\program files (x86)\microsoft visual studio 14.0\vc\include\cmath(323): warning C4514: 'trunc': unreferenced inline function has been removed
c:\program files (x86)\microsoft visual studio 14.0\vc\include\cmath(328): warning C4514: 'abs': unreferenced inline function has been removed
c:\program files (x86)\microsoft visual studio 14.0\vc\include\cmath(333): warning C4514: 'acos': unreferenced inline function has been removed
c:\program files (x86)\microsoft visual studio 14.0\vc\include\cmath(338): warning C4514: 'acosh': unreferenced inline function has been removed
c:\program files (x86)\microsoft visual studio 14.0\vc\include\cmath(343): warning C4514: 'asin': unreferenced inline function has been removed
c:\program files (x86)\microsoft visual studio 14.0\vc\include\cmath(348): warning C4514: 'asinh': unreferenced inline function has been removed
c:\program files (x86)\microsoft visual studio 14.0\vc\include\cmath(353): warning C4514: 'atan': unreferenced inline function has been removed
c:\program files (x86)\microsoft visual studio 14.0\vc\include\cmath(358): warning C4514: 'atanh': unreferenced inline function has been removed
c:\program files (x86)\microsoft visual studio 14.0\vc\include\cmath(363): warning C4514: 'atan2': unreferenced inline function has been removed
c:\program files (x86)\microsoft visual studio 14.0\vc\include\cmath(369): warning C4514: 'cbrt': unreferenced inline function has been removed
c:\program files (x86)\microsoft visual studio 14.0\vc\include\cmath(374): warning C4514: 'ceil': unreferenced inline function has been removed
c:\program files (x86)\microsoft visual studio 14.0\vc\include\cmath(379): warning C4514: 'copysign': unreferenced inline function has been removed
c:\program files (x86)\microsoft visual studio 14.0\vc\include\cmath(385): warning C4514: 'cos': unreferenced inline function has been removed
c:\program files (x86)\microsoft visual studio 14.0\vc\include\cmath(390): warning C4514: 'cosh': unreferenced inline function has been removed
c:\program files (x86)\microsoft visual studio 14.0\vc\include\cmath(395): warning C4514: 'erf': unreferenced inline function has been removed
c:\program files (x86)\microsoft visual studio 14.0\vc\include\cmath(400): warning C4514: 'erfc': unreferenced inline function has been removed
c:\program files (x86)\microsoft visual studio 14.0\vc\include\cmath(405): warning C4514: 'exp': unreferenced inline function has been removed
c:\program files (x86)\microsoft visual studio 14.0\vc\include\cmath(410): warning C4514: 'exp2': unreferenced inline function has been removed
c:\program files (x86)\microsoft visual studio 14.0\vc\include\cmath(415): warning C4514: 'expm1': unreferenced inline function has been removed
c:\program files (x86)\microsoft visual studio 14.0\vc\include\cmath(420): warning C4514: 'fabs': unreferenced inline function has been removed
c:\program files (x86)\microsoft visual studio 14.0\vc\include\cmath(425): warning C4514: 'fdim': unreferenced inline function has been removed
c:\program files (x86)\microsoft visual studio 14.0\vc\include\cmath(431): warning C4514: 'floor': unreferenced inline function has been removed
c:\program files (x86)\microsoft visual studio 14.0\vc\include\cmath(436): warning C4514: 'fma': unreferenced inline function has been removed
c:\program files (x86)\microsoft visual studio 14.0\vc\include\cmath(442): warning C4514: 'fmax': unreferenced inline function has been removed
c:\program files (x86)\microsoft visual studio 14.0\vc\include\cmath(448): warning C4514: 'fmin': unreferenced inline function has been removed
c:\program files (x86)\microsoft visual studio 14.0\vc\include\cmath(454): warning C4514: 'fmod': unreferenced inline function has been removed
c:\program files (x86)\microsoft visual studio 14.0\vc\include\cmath(460): warning C4514: 'frexp': unreferenced inline function has been removed
c:\program files (x86)\microsoft visual studio 14.0\vc\include\cmath(466): warning C4514: 'hypot': unreferenced inline function has been removed
c:\program files (x86)\microsoft visual studio 14.0\vc\include\cmath(472): warning C4514: 'ilogb': unreferenced inline function has been removed
c:\program files (x86)\microsoft visual studio 14.0\vc\include\cmath(477): warning C4514: 'ldexp': unreferenced inline function has been removed
c:\program files (x86)\microsoft visual studio 14.0\vc\include\cmath(483): warning C4514: 'lgamma': unreferenced inline function has been removed
c:\program files (x86)\microsoft visual studio 14.0\vc\include\cmath(488): warning C4514: 'llrint': unreferenced inline function has been removed
c:\program files (x86)\microsoft visual studio 14.0\vc\include\cmath(493): warning C4514: 'llround': unreferenced inline function has been removed
c:\program files (x86)\microsoft visual studio 14.0\vc\include\cmath(498): warning C4514: 'log': unreferenced inline function has been removed
c:\program files (x86)\microsoft visual studio 14.0\vc\include\cmath(503): warning C4514: 'log10': unreferenced inline function has been removed
c:\program files (x86)\microsoft visual studio 14.0\vc\include\cmath(508): warning C4514: 'log1p': unreferenced inline function has been removed
c:\program files (x86)\microsoft visual studio 14.0\vc\include\cmath(513): warning C4514: 'log2': unreferenced inline function has been removed
c:\program files (x86)\microsoft visual studio 14.0\vc\include\cmath(518): warning C4514: 'logb': unreferenced inline function has been removed
c:\program files (x86)\microsoft visual studio 14.0\vc\include\cmath(523): warning C4514: 'lrint': unreferenced inline function has been removed
c:\program files (x86)\microsoft visual studio 14.0\vc\include\cmath(528): warning C4514: 'lround': unreferenced inline function has been removed
c:\program files (x86)\microsoft visual studio 14.0\vc\include\cmath(533): warning C4514: 'modf': unreferenced inline function has been removed
c:\program files (x86)\microsoft visual studio 14.0\vc\include\cmath(539): warning C4514: 'nearbyint': unreferenced inline function has been removed
c:\program files (x86)\microsoft visual studio 14.0\vc\include\cmath(544): warning C4514: 'nextafter': unreferenced inline function has been removed
c:\program files (x86)\microsoft visual studio 14.0\vc\include\cmath(550): warning C4514: 'nexttoward': unreferenced inline function has been removed
c:\program files (x86)\microsoft visual studio 14.0\vc\include\cmath(556): warning C4514: 'pow': unreferenced inline function has been removed
c:\program files (x86)\microsoft visual studio 14.0\vc\include\cmath(562): warning C4514: 'pow': unreferenced inline function has been removed
c:\program files (x86)\microsoft visual studio 14.0\vc\include\cmath(571): warning C4514: 'remainder': unreferenced inline function has been removed
c:\program files (x86)\microsoft visual studio 14.0\vc\include\cmath(577): warning C4514: 'remquo': unreferenced inline function has been removed
c:\program files (x86)\microsoft visual studio 14.0\vc\include\cmath(583): warning C4514: 'rint': unreferenced inline function has been removed
c:\program files (x86)\microsoft visual studio 14.0\vc\include\cmath(588): warning C4514: 'round': unreferenced inline function has been removed
c:\program files (x86)\microsoft visual studio 14.0\vc\include\cmath(593): warning C4514: 'scalbln': unreferenced inline function has been removed
c:\program files (x86)\microsoft visual studio 14.0\vc\include\cmath(599): warning C4514: 'scalbn': unreferenced inline function has been removed
c:\program files (x86)\microsoft visual studio 14.0\vc\include\cmath(605): warning C4514: 'sin': unreferenced inline function has been removed
c:\program files (x86)\microsoft visual studio 14.0\vc\include\cmath(610): warning C4514: 'sinh': unreferenced inline function has been removed
c:\program files (x86)\microsoft visual studio 14.0\vc\include\cmath(615): warning C4514: 'sqrt': unreferenced inline function has been removed
c:\program files (x86)\microsoft visual studio 14.0\vc\include\cmath(620): warning C4514: 'tan': unreferenced inline function has been removed
c:\program files (x86)\microsoft visual studio 14.0\vc\include\cmath(625): warning C4514: 'tanh': unreferenced inline function has been removed
c:\program files (x86)\microsoft visual studio 14.0\vc\include\cmath(630): warning C4514: 'tgamma': unreferenced inline function has been removed
c:\program files (x86)\microsoft visual studio 14.0\vc\include\cmath(635): warning C4514: 'trunc': unreferenced inline function has been removed
c:\program files (x86)\windows kits\10\include\10.0.10240.0\ucrt\stdlib.h(354): warning C4514: 'abs': unreferenced inline function has been removed
c:\program files (x86)\windows kits\10\include\10.0.10240.0\ucrt\stdlib.h(359): warning C4514: 'abs': unreferenced inline function has been removed
c:\program files (x86)\windows kits\10\include\10.0.10240.0\ucrt\stdlib.h(364): warning C4514: 'div': unreferenced inline function has been removed
c:\program files (x86)\windows kits\10\include\10.0.10240.0\ucrt\stdlib.h(369): warning C4514: 'div': unreferenced inline function has been removed
c:\program files (x86)\windows kits\10\include\10.0.10240.0\ucrt\corecrt_wstdio.h(309): warning C4514: 'vfwprintf': unreferenced inline function has been removed
c:\program files (x86)\windows kits\10\include\10.0.10240.0\ucrt\corecrt_wstdio.h(340): warning C4514: 'vfwprintf_s': unreferenced inline function has been removed
c:\program files (x86)\windows kits\10\include\10.0.10240.0\ucrt\corecrt_wstdio.h(371): warning C4514: '_vfwprintf_p': unreferenced inline function has been removed
c:\program files (x86)\windows kits\10\include\10.0.10240.0\ucrt\corecrt_wstdio.h(385): warning C4514: '_vwprintf_l': unreferenced inline function has been removed
c:\program files (x86)\windows kits\10\include\10.0.10240.0\ucrt\corecrt_wstdio.h(399): warning C4514: 'vwprintf': unreferenced inline function has been removed
c:\program files (x86)\windows kits\10\include\10.0.10240.0\ucrt\corecrt_wstdio.h(412): warning C4514: '_vwprintf_s_l': unreferenced inline function has been removed
c:\program files (x86)\windows kits\10\include\10.0.10240.0\ucrt\corecrt_wstdio.h(428): warning C4514: 'vwprintf_s': unreferenced inline function has been removed
c:\program files (x86)\windows kits\10\include\10.0.10240.0\ucrt\corecrt_wstdio.h(443): warning C4514: '_vwprintf_p_l': unreferenced inline function has been removed
c:\program files (x86)\windows kits\10\include\10.0.10240.0\ucrt\corecrt_wstdio.h(457): warning C4514: '_vwprintf_p': unreferenced inline function has been removed
c:\program files (x86)\windows kits\10\include\10.0.10240.0\ucrt\corecrt_wstdio.h(470): warning C4514: '_fwprintf_l': unreferenced inline function has been removed
c:\program files (x86)\windows kits\10\include\10.0.10240.0\ucrt\corecrt_wstdio.h(489): warning C4514: 'fwprintf': unreferenced inline function has been removed
c:\program files (x86)\windows kits\10\include\10.0.10240.0\ucrt\corecrt_wstdio.h(507): warning C4514: '_fwprintf_s_l': unreferenced inline function has been removed
c:\program files (x86)\windows kits\10\include\10.0.10240.0\ucrt\corecrt_wstdio.h(528): warning C4514: 'fwprintf_s': unreferenced inline function has been removed
c:\program files (x86)\windows kits\10\include\10.0.10240.0\ucrt\corecrt_wstdio.h(548): warning C4514: '_fwprintf_p_l': unreferenced inline function has been removed
c:\program files (x86)\windows kits\10\include\10.0.10240.0\ucrt\corecrt_wstdio.h(567): warning C4514: '_fwprintf_p': unreferenced inline function has been removed
c:\program files (x86)\windows kits\10\include\10.0.10240.0\ucrt\corecrt_wstdio.h(585): warning C4514: '_wprintf_l': unreferenced inline function has been removed
c:\program files (x86)\windows kits\10\include\10.0.10240.0\ucrt\corecrt_wstdio.h(603): warning C4514: 'wprintf': unreferenced inline function has been removed
c:\program files (x86)\windows kits\10\include\10.0.10240.0\ucrt\corecrt_wstdio.h(620): warning C4514: '_wprintf_s_l': unreferenced inline function has been removed
c:\program files (x86)\windows kits\10\include\10.0.10240.0\ucrt\corecrt_wstdio.h(640): warning C4514: 'wprintf_s': unreferenced inline function has been removed
c:\program files (x86)\windows kits\10\include\10.0.10240.0\ucrt\corecrt_wstdio.h(659): warning C4514: '_wprintf_p_l': unreferenced inline function has been removed
c:\program files (x86)\windows kits\10\include\10.0.10240.0\ucrt\corecrt_wstdio.h(677): warning C4514: '_wprintf_p': unreferenced inline function has been removed
c:\program files (x86)\windows kits\10\include\10.0.10240.0\ucrt\corecrt_wstdio.h(726): warning C4514: 'vfwscanf': unreferenced inline function has been removed
c:\program files (x86)\windows kits\10\include\10.0.10240.0\ucrt\corecrt_wstdio.h(759): warning C4514: 'vfwscanf_s': unreferenced inline function has been removed
c:\program files (x86)\windows kits\10\include\10.0.10240.0\ucrt\corecrt_wstdio.h(774): warning C4514: '_vwscanf_l': unreferenced inline function has been removed
c:\program files (x86)\windows kits\10\include\10.0.10240.0\ucrt\corecrt_wstdio.h(788): warning C4514: 'vwscanf': unreferenced inline function has been removed
c:\program files (x86)\windows kits\10\include\10.0.10240.0\ucrt\corecrt_wstdio.h(801): warning C4514: '_vwscanf_s_l': unreferenced inline function has been removed
c:\program files (x86)\windows kits\10\include\10.0.10240.0\ucrt\corecrt_wstdio.h(817): warning C4514: 'vwscanf_s': unreferenced inline function has been removed
c:\program files (x86)\windows kits\10\include\10.0.10240.0\ucrt\corecrt_wstdio.h(832): warning C4514: '_fwscanf_l': unreferenced inline function has been removed
c:\program files (x86)\windows kits\10\include\10.0.10240.0\ucrt\corecrt_wstdio.h(851): warning C4514: 'fwscanf': unreferenced inline function has been removed
c:\program files (x86)\windows kits\10\include\10.0.10240.0\ucrt\corecrt_wstdio.h(869): warning C4514: '_fwscanf_s_l': unreferenced inline function has been removed
c:\program files (x86)\windows kits\10\include\10.0.10240.0\ucrt\corecrt_wstdio.h(890): warning C4514: 'fwscanf_s': unreferenced inline function has been removed
c:\program files (x86)\windows kits\10\include\10.0.10240.0\ucrt\corecrt_wstdio.h(910): warning C4514: '_wscanf_l': unreferenced inline function has been removed
c:\program files (x86)\windows kits\10\include\10.0.10240.0\ucrt\corecrt_wstdio.h(928): warning C4514: 'wscanf': unreferenced inline function has been removed
c:\program files (x86)\windows kits\10\include\10.0.10240.0\ucrt\corecrt_wstdio.h(945): warning C4514: '_wscanf_s_l': unreferenced inline function has been removed
c:\program files (x86)\windows kits\10\include\10.0.10240.0\ucrt\corecrt_wstdio.h(965): warning C4514: 'wscanf_s': unreferenced inline function has been removed
c:\program files (x86)\windows kits\10\include\10.0.10240.0\ucrt\corecrt_wstdio.h(1092): warning C4514: '_vsnwprintf_s': unreferenced inline function has been removed
c:\program files (x86)\windows kits\10\include\10.0.10240.0\ucrt\corecrt_wstdio.h(1120): warning C4514: '_vsnwprintf': unreferenced inline function has been removed
c:\program files (x86)\windows kits\10\include\10.0.10240.0\ucrt\corecrt_wstdio.h(1169): warning C4514: '_vswprintf_c': unreferenced inline function has been removed
c:\program files (x86)\windows kits\10\include\10.0.10240.0\ucrt\corecrt_wstdio.h(1221): warning C4514: '_vswprintf': unreferenced inline function has been removed
c:\program files (x86)\windows kits\10\include\10.0.10240.0\ucrt\corecrt_wstdio.h(1274): warning C4514: 'vswprintf_s': unreferenced inline function has been removed
c:\program files (x86)\windows kits\10\include\10.0.10240.0\ucrt\corecrt_wstdio.h(1321): warning C4514: '_vswprintf_p': unreferenced inline function has been removed
c:\program files (x86)\windows kits\10\include\10.0.10240.0\ucrt\corecrt_wstdio.h(1356): warning C4514: '_vscwprintf': unreferenced inline function has been removed
c:\program files (x86)\windows kits\10\include\10.0.10240.0\ucrt\corecrt_wstdio.h(1389): warning C4514: '_vscwprintf_p': unreferenced inline function has been removed
c:\program files (x86)\windows kits\10\include\10.0.10240.0\ucrt\corecrt_wstdio.h(1403): warning C4514: '__swprintf_l': unreferenced inline function has been removed
c:\program files (x86)\windows kits\10\include\10.0.10240.0\ucrt\corecrt_wstdio.h(1423): warning C4514: '_swprintf_l': unreferenced inline function has been removed
c:\program files (x86)\windows kits\10\include\10.0.10240.0\ucrt\corecrt_wstdio.h(1444): warning C4514: '_swprintf': unreferenced inline function has been removed
c:\program files (x86)\windows kits\10\include\10.0.10240.0\ucrt\corecrt_wstdio.h(1463): warning C4514: 'swprintf': unreferenced inline function has been removed
c:\program files (x86)\windows kits\10\include\10.0.10240.0\ucrt\corecrt_wstdio.h(1506): warning C4514: '_swprintf_s_l': unreferenced inline function has been removed
c:\users\elnin\documents\visual studio 2015\projects\consoleapplication7\consoleapplication7\helloworld.cpp(12): warning C4710: 'int swprintf_s(wchar_t *const ,const std::size_t,const wchar_t *const ,...)': function not inlined
  c:\program files (x86)\windows kits\10\include\10.0.10240.0\ucrt\corecrt_wstdio.h(1528): note: see declaration of 'swprintf_s'
c:\program files (x86)\windows kits\10\include\10.0.10240.0\ucrt\corecrt_wstdio.h(1557): warning C4514: '_swprintf_p_l': unreferenced inline function has been removed
c:\program files (x86)\windows kits\10\include\10.0.10240.0\ucrt\corecrt_wstdio.h(1578): warning C4514: '_swprintf_p': unreferenced inline function has been removed
c:\program files (x86)\windows kits\10\include\10.0.10240.0\ucrt\corecrt_wstdio.h(1598): warning C4514: '_swprintf_c_l': unreferenced inline function has been removed
c:\program files (x86)\windows kits\10\include\10.0.10240.0\ucrt\corecrt_wstdio.h(1619): warning C4514: '_swprintf_c': unreferenced inline function has been removed
c:\program files (x86)\windows kits\10\include\10.0.10240.0\ucrt\corecrt_wstdio.h(1639): warning C4514: '_snwprintf_l': unreferenced inline function has been removed
c:\program files (x86)\windows kits\10\include\10.0.10240.0\ucrt\corecrt_wstdio.h(1665): warning C4514: '_snwprintf': unreferenced inline function has been removed
c:\program files (x86)\windows kits\10\include\10.0.10240.0\ucrt\corecrt_wstdio.h(1690): warning C4514: '_snwprintf_s_l': unreferenced inline function has been removed
c:\program files (x86)\windows kits\10\include\10.0.10240.0\ucrt\corecrt_wstdio.h(1712): warning C4514: '_snwprintf_s': unreferenced inline function has been removed
c:\program files (x86)\windows kits\10\include\10.0.10240.0\ucrt\corecrt_wstdio.h(1740): warning C4514: '_scwprintf_l': unreferenced inline function has been removed
c:\users\elnin\documents\visual studio 2015\projects\consoleapplication7\consoleapplication7\helloworld.cpp(12): warning C4710: 'int _scwprintf(const wchar_t *const ,...)': function not inlined
  c:\program files (x86)\windows kits\10\include\10.0.10240.0\ucrt\corecrt_wstdio.h(1759): note: see declaration of '_scwprintf'
c:\program files (x86)\windows kits\10\include\10.0.10240.0\ucrt\corecrt_wstdio.h(1777): warning C4514: '_scwprintf_p_l': unreferenced inline function has been removed
c:\program files (x86)\windows kits\10\include\10.0.10240.0\ucrt\corecrt_wstdio.h(1796): warning C4514: '_scwprintf_p': unreferenced inline function has been removed
c:\program files (x86)\windows kits\10\include\10.0.10240.0\ucrt\corecrt_wstdio.h(1820): warning C4514: 'swprintf': unreferenced inline function has been removed
c:\program files (x86)\windows kits\10\include\10.0.10240.0\ucrt\corecrt_wstdio.h(1835): warning C4514: 'vswprintf': unreferenced inline function has been removed
c:\program files (x86)\windows kits\10\include\10.0.10240.0\ucrt\corecrt_wstdio.h(1846): warning C4514: '_swprintf_l': unreferenced inline function has been removed
c:\program files (x86)\windows kits\10\include\10.0.10240.0\ucrt\corecrt_wstdio.h(1861): warning C4514: '_vswprintf_l': unreferenced inline function has been removed
c:\program files (x86)\windows kits\10\include\10.0.10240.0\ucrt\corecrt_wstdio.h(1919): warning C4514: 'vswscanf': unreferenced inline function has been removed
c:\program files (x86)\windows kits\10\include\10.0.10240.0\ucrt\corecrt_wstdio.h(1954): warning C4514: 'vswscanf_s': unreferenced inline function has been removed
c:\program files (x86)\windows kits\10\include\10.0.10240.0\ucrt\corecrt_wstdio.h(2017): warning C4514: '_swscanf_l': unreferenced inline function has been removed
c:\program files (x86)\windows kits\10\include\10.0.10240.0\ucrt\corecrt_wstdio.h(2037): warning C4514: 'swscanf': unreferenced inline function has been removed
c:\program files (x86)\windows kits\10\include\10.0.10240.0\ucrt\corecrt_wstdio.h(2056): warning C4514: '_swscanf_s_l': unreferenced inline function has been removed
c:\program files (x86)\windows kits\10\include\10.0.10240.0\ucrt\corecrt_wstdio.h(2078): warning C4514: 'swscanf_s': unreferenced inline function has been removed
c:\program files (x86)\windows kits\10\include\10.0.10240.0\ucrt\corecrt_wstdio.h(2099): warning C4514: '_snwscanf_l': unreferenced inline function has been removed
c:\program files (x86)\windows kits\10\include\10.0.10240.0\ucrt\corecrt_wstdio.h(2125): warning C4514: '_snwscanf': unreferenced inline function has been removed
c:\program files (x86)\windows kits\10\include\10.0.10240.0\ucrt\corecrt_wstdio.h(2150): warning C4514: '_snwscanf_s_l': unreferenced inline function has been removed
c:\program files (x86)\windows kits\10\include\10.0.10240.0\ucrt\corecrt_wstdio.h(2171): warning C4514: '_snwscanf_s': unreferenced inline function has been removed
c:\program files (x86)\windows kits\10\include\10.0.10240.0\ucrt\stdio.h(644): warning C4514: 'vfprintf': unreferenced inline function has been removed
c:\program files (x86)\windows kits\10\include\10.0.10240.0\ucrt\stdio.h(675): warning C4514: 'vfprintf_s': unreferenced inline function has been removed
c:\program files (x86)\windows kits\10\include\10.0.10240.0\ucrt\stdio.h(706): warning C4514: '_vfprintf_p': unreferenced inline function has been removed
c:\program files (x86)\windows kits\10\include\10.0.10240.0\ucrt\stdio.h(720): warning C4514: '_vprintf_l': unreferenced inline function has been removed
c:\program files (x86)\windows kits\10\include\10.0.10240.0\ucrt\stdio.h(734): warning C4514: 'vprintf': unreferenced inline function has been removed
c:\program files (x86)\windows kits\10\include\10.0.10240.0\ucrt\stdio.h(747): warning C4514: '_vprintf_s_l': unreferenced inline function has been removed
c:\program files (x86)\windows kits\10\include\10.0.10240.0\ucrt\stdio.h(763): warning C4514: 'vprintf_s': unreferenced inline function has been removed
c:\program files (x86)\windows kits\10\include\10.0.10240.0\ucrt\stdio.h(778): warning C4514: '_vprintf_p_l': unreferenced inline function has been removed
c:\program files (x86)\windows kits\10\include\10.0.10240.0\ucrt\stdio.h(792): warning C4514: '_vprintf_p': unreferenced inline function has been removed
c:\program files (x86)\windows kits\10\include\10.0.10240.0\ucrt\stdio.h(805): warning C4514: '_fprintf_l': unreferenced inline function has been removed
c:\program files (x86)\windows kits\10\include\10.0.10240.0\ucrt\stdio.h(824): warning C4514: 'fprintf': unreferenced inline function has been removed
c:\program files (x86)\windows kits\10\include\10.0.10240.0\ucrt\stdio.h(848): warning C4514: '_fprintf_s_l': unreferenced inline function has been removed
c:\program files (x86)\windows kits\10\include\10.0.10240.0\ucrt\stdio.h(869): warning C4514: 'fprintf_s': unreferenced inline function has been removed
c:\program files (x86)\windows kits\10\include\10.0.10240.0\ucrt\stdio.h(889): warning C4514: '_fprintf_p_l': unreferenced inline function has been removed
c:\program files (x86)\windows kits\10\include\10.0.10240.0\ucrt\stdio.h(908): warning C4514: '_fprintf_p': unreferenced inline function has been removed
c:\program files (x86)\windows kits\10\include\10.0.10240.0\ucrt\stdio.h(926): warning C4514: '_printf_l': unreferenced inline function has been removed
c:\program files (x86)\windows kits\10\include\10.0.10240.0\ucrt\stdio.h(944): warning C4514: 'printf': unreferenced inline function has been removed
c:\program files (x86)\windows kits\10\include\10.0.10240.0\ucrt\stdio.h(961): warning C4514: '_printf_s_l': unreferenced inline function has been removed
c:\program files (x86)\windows kits\10\include\10.0.10240.0\ucrt\stdio.h(981): warning C4514: 'printf_s': unreferenced inline function has been removed
c:\program files (x86)\windows kits\10\include\10.0.10240.0\ucrt\stdio.h(1000): warning C4514: '_printf_p_l': unreferenced inline function has been removed
c:\program files (x86)\windows kits\10\include\10.0.10240.0\ucrt\stdio.h(1018): warning C4514: '_printf_p': unreferenced inline function has been removed
c:\program files (x86)\windows kits\10\include\10.0.10240.0\ucrt\stdio.h(1066): warning C4514: 'vfscanf': unreferenced inline function has been removed
c:\program files (x86)\windows kits\10\include\10.0.10240.0\ucrt\stdio.h(1100): warning C4514: 'vfscanf_s': unreferenced inline function has been removed
c:\program files (x86)\windows kits\10\include\10.0.10240.0\ucrt\stdio.h(1116): warning C4514: '_vscanf_l': unreferenced inline function has been removed
c:\program files (x86)\windows kits\10\include\10.0.10240.0\ucrt\stdio.h(1130): warning C4514: 'vscanf': unreferenced inline function has been removed
c:\program files (x86)\windows kits\10\include\10.0.10240.0\ucrt\stdio.h(1143): warning C4514: '_vscanf_s_l': unreferenced inline function has been removed
c:\program files (x86)\windows kits\10\include\10.0.10240.0\ucrt\stdio.h(1159): warning C4514: 'vscanf_s': unreferenced inline function has been removed
c:\program files (x86)\windows kits\10\include\10.0.10240.0\ucrt\stdio.h(1174): warning C4514: '_fscanf_l': unreferenced inline function has been removed
c:\program files (x86)\windows kits\10\include\10.0.10240.0\ucrt\stdio.h(1193): warning C4514: 'fscanf': unreferenced inline function has been removed
c:\program files (x86)\windows kits\10\include\10.0.10240.0\ucrt\stdio.h(1211): warning C4514: '_fscanf_s_l': unreferenced inline function has been removed
c:\program files (x86)\windows kits\10\include\10.0.10240.0\ucrt\stdio.h(1232): warning C4514: 'fscanf_s': unreferenced inline function has been removed
c:\program files (x86)\windows kits\10\include\10.0.10240.0\ucrt\stdio.h(1252): warning C4514: '_scanf_l': unreferenced inline function has been removed
c:\program files (x86)\windows kits\10\include\10.0.10240.0\ucrt\stdio.h(1270): warning C4514: 'scanf': unreferenced inline function has been removed
c:\program files (x86)\windows kits\10\include\10.0.10240.0\ucrt\stdio.h(1287): warning C4514: '_scanf_s_l': unreferenced inline function has been removed
c:\program files (x86)\windows kits\10\include\10.0.10240.0\ucrt\stdio.h(1307): warning C4514: 'scanf_s': unreferenced inline function has been removed
c:\program files (x86)\windows kits\10\include\10.0.10240.0\ucrt\stdio.h(1465): warning C4514: 'vsprintf': unreferenced inline function has been removed
c:\program files (x86)\windows kits\10\include\10.0.10240.0\ucrt\stdio.h(1506): warning C4514: 'vsprintf_s': unreferenced inline function has been removed
c:\program files (x86)\windows kits\10\include\10.0.10240.0\ucrt\stdio.h(1553): warning C4514: '_vsprintf_p': unreferenced inline function has been removed
c:\program files (x86)\windows kits\10\include\10.0.10240.0\ucrt\stdio.h(1591): warning C4514: '_vsnprintf_s': unreferenced inline function has been removed
c:\program files (x86)\windows kits\10\include\10.0.10240.0\ucrt\stdio.h(1619): warning C4514: 'vsnprintf_s': unreferenced inline function has been removed
c:\program files (x86)\windows kits\10\include\10.0.10240.0\ucrt\stdio.h(1664): warning C4514: '_vscprintf': unreferenced inline function has been removed
c:\program files (x86)\windows kits\10\include\10.0.10240.0\ucrt\stdio.h(1729): warning C4514: '_vsnprintf_c': unreferenced inline function has been removed
c:\program files (x86)\windows kits\10\include\10.0.10240.0\ucrt\stdio.h(1744): warning C4514: '_sprintf_l': unreferenced inline function has been removed
c:\program files (x86)\windows kits\10\include\10.0.10240.0\ucrt\stdio.h(1769): warning C4514: 'sprintf': unreferenced inline function has been removed
c:\program files (x86)\windows kits\10\include\10.0.10240.0\ucrt\stdio.h(1803): warning C4514: '_sprintf_s_l': unreferenced inline function has been removed
c:\users\elnin\documents\visual studio 2015\projects\consoleapplication7\consoleapplication7\helloworld.cpp(12): warning C4710: 'int sprintf_s(char *const ,const std::size_t,const char *const ,...)': function not inlined
  c:\program files (x86)\windows kits\10\include\10.0.10240.0\ucrt\stdio.h(1826): note: see declaration of 'sprintf_s'
c:\program files (x86)\windows kits\10\include\10.0.10240.0\ucrt\stdio.h(1854): warning C4514: '_sprintf_p_l': unreferenced inline function has been removed
c:\program files (x86)\windows kits\10\include\10.0.10240.0\ucrt\stdio.h(1875): warning C4514: '_sprintf_p': unreferenced inline function has been removed
c:\program files (x86)\windows kits\10\include\10.0.10240.0\ucrt\stdio.h(1895): warning C4514: '_snprintf_l': unreferenced inline function has been removed
c:\program files (x86)\windows kits\10\include\10.0.10240.0\ucrt\stdio.h(1932): warning C4514: 'snprintf': unreferenced inline function has been removed
c:\program files (x86)\windows kits\10\include\10.0.10240.0\ucrt\stdio.h(1952): warning C4514: '_snprintf': unreferenced inline function has been removed
c:\program files (x86)\windows kits\10\include\10.0.10240.0\ucrt\stdio.h(1982): warning C4514: '_snprintf_c_l': unreferenced inline function has been removed
c:\program files (x86)\windows kits\10\include\10.0.10240.0\ucrt\stdio.h(2003): warning C4514: '_snprintf_c': unreferenced inline function has been removed
c:\program files (x86)\windows kits\10\include\10.0.10240.0\ucrt\stdio.h(2023): warning C4514: '_snprintf_s_l': unreferenced inline function has been removed
c:\program files (x86)\windows kits\10\include\10.0.10240.0\ucrt\stdio.h(2045): warning C4514: '_snprintf_s': unreferenced inline function has been removed
c:\program files (x86)\windows kits\10\include\10.0.10240.0\ucrt\stdio.h(2073): warning C4514: '_scprintf_l': unreferenced inline function has been removed
c:\users\elnin\documents\visual studio 2015\projects\consoleapplication7\consoleapplication7\helloworld.cpp(12): warning C4710: 'int _scprintf(const char *const ,...)': function not inlined
  c:\program files (x86)\windows kits\10\include\10.0.10240.0\ucrt\stdio.h(2091): note: see declaration of '_scprintf'
c:\program files (x86)\windows kits\10\include\10.0.10240.0\ucrt\stdio.h(2108): warning C4514: '_scprintf_p_l': unreferenced inline function has been removed
c:\program files (x86)\windows kits\10\include\10.0.10240.0\ucrt\stdio.h(2126): warning C4514: '_scprintf_p': unreferenced inline function has been removed
c:\program files (x86)\windows kits\10\include\10.0.10240.0\ucrt\stdio.h(2174): warning C4514: 'vsscanf': unreferenced inline function has been removed
c:\program files (x86)\windows kits\10\include\10.0.10240.0\ucrt\stdio.h(2235): warning C4514: '_sscanf_l': unreferenced inline function has been removed
c:\program files (x86)\windows kits\10\include\10.0.10240.0\ucrt\stdio.h(2254): warning C4514: 'sscanf': unreferenced inline function has been removed
c:\program files (x86)\windows kits\10\include\10.0.10240.0\ucrt\stdio.h(2272): warning C4514: '_sscanf_s_l': unreferenced inline function has been removed
c:\program files (x86)\windows kits\10\include\10.0.10240.0\ucrt\stdio.h(2293): warning C4514: 'sscanf_s': unreferenced inline function has been removed
c:\program files (x86)\windows kits\10\include\10.0.10240.0\ucrt\stdio.h(2321): warning C4514: '_snscanf_l': unreferenced inline function has been removed
c:\program files (x86)\windows kits\10\include\10.0.10240.0\ucrt\stdio.h(2345): warning C4514: '_snscanf': unreferenced inline function has been removed
c:\program files (x86)\windows kits\10\include\10.0.10240.0\ucrt\stdio.h(2369): warning C4514: '_snscanf_s_l': unreferenced inline function has been removed
c:\program files (x86)\windows kits\10\include\10.0.10240.0\ucrt\stdio.h(2393): warning C4514: '_snscanf_s': unreferenced inline function has been removed
c:\program files (x86)\windows kits\10\include\10.0.10240.0\ucrt\corecrt_memcpy_s.h(64): warning C4514: 'memmove_s': unreferenced inline function has been removed
c:\program files (x86)\windows kits\10\include\10.0.10240.0\ucrt\corecrt_memory.h(97): warning C4514: 'memchr': unreferenced inline function has been removed
c:\program files (x86)\windows kits\10\include\10.0.10240.0\ucrt\corecrt_wstring.h(159): warning C4514: 'wcsnlen_s': unreferenced inline function has been removed
c:\program files (x86)\windows kits\10\include\10.0.10240.0\ucrt\corecrt_wstring.h(240): warning C4514: '_wcstok': unreferenced inline function has been removed
c:\program files (x86)\windows kits\10\include\10.0.10240.0\ucrt\corecrt_wstring.h(254): warning C4514: 'wcstok': unreferenced inline function has been removed
c:\program files (x86)\windows kits\10\include\10.0.10240.0\ucrt\corecrt_wstring.h(532): warning C4514: 'wcschr': unreferenced inline function has been removed
c:\program files (x86)\windows kits\10\include\10.0.10240.0\ucrt\corecrt_wstring.h(538): warning C4514: 'wcspbrk': unreferenced inline function has been removed
c:\program files (x86)\windows kits\10\include\10.0.10240.0\ucrt\corecrt_wstring.h(544): warning C4514: 'wcsrchr': unreferenced inline function has been removed
c:\program files (x86)\windows kits\10\include\10.0.10240.0\ucrt\corecrt_wstring.h(551): warning C4514: 'wcsstr': unreferenced inline function has been removed
c:\program files (x86)\windows kits\10\include\10.0.10240.0\ucrt\string.h(373): warning C4514: 'strnlen_s': unreferenced inline function has been removed
c:\program files (x86)\windows kits\10\include\10.0.10240.0\ucrt\string.h(517): warning C4514: 'strchr': unreferenced inline function has been removed
c:\program files (x86)\windows kits\10\include\10.0.10240.0\ucrt\string.h(523): warning C4514: 'strpbrk': unreferenced inline function has been removed
c:\program files (x86)\windows kits\10\include\10.0.10240.0\ucrt\string.h(529): warning C4514: 'strrchr': unreferenced inline function has been removed
c:\program files (x86)\windows kits\10\include\10.0.10240.0\ucrt\string.h(535): warning C4514: 'strstr': unreferenced inline function has been removed
c:\users\elnin\documents\visual studio 2015\projects\consoleapplication7\consoleapplication7\helloworld.cpp(12): warning C4710: 'std::exception_ptr std::exception_ptr::_Current_exception(void) throw()': function not inlined
  c:\program files (x86)\microsoft visual studio 14.0\vc\include\exception(300): note: see declaration of 'std::exception_ptr::_Current_exception'
c:\users\elnin\documents\visual studio 2015\projects\consoleapplication7\consoleapplication7\helloworld.cpp(12): warning C4710: 'std::exception_ptr std::current_exception(void) noexcept': function not inlined
  c:\program files (x86)\microsoft visual studio 14.0\vc\include\exception(359): note: see declaration of 'std::current_exception'
c:\program files (x86)\windows kits\10\include\10.0.10240.0\ucrt\corecrt_wconio.h(100): warning C4514: '_vcwprintf': unreferenced inline function has been removed
c:\program files (x86)\windows kits\10\include\10.0.10240.0\ucrt\corecrt_wconio.h(127): warning C4514: '_vcwprintf_s': unreferenced inline function has been removed
c:\program files (x86)\windows kits\10\include\10.0.10240.0\ucrt\corecrt_wconio.h(154): warning C4514: '_vcwprintf_p': unreferenced inline function has been removed
c:\program files (x86)\windows kits\10\include\10.0.10240.0\ucrt\corecrt_wconio.h(167): warning C4514: '_cwprintf_l': unreferenced inline function has been removed
c:\program files (x86)\windows kits\10\include\10.0.10240.0\ucrt\corecrt_wconio.h(185): warning C4514: '_cwprintf': unreferenced inline function has been removed
c:\program files (x86)\windows kits\10\include\10.0.10240.0\ucrt\corecrt_wconio.h(202): warning C4514: '_cwprintf_s_l': unreferenced inline function has been removed
c:\program files (x86)\windows kits\10\include\10.0.10240.0\ucrt\corecrt_wconio.h(220): warning C4514: '_cwprintf_s': unreferenced inline function has been removed
c:\program files (x86)\windows kits\10\include\10.0.10240.0\ucrt\corecrt_wconio.h(237): warning C4514: '_cwprintf_p_l': unreferenced inline function has been removed
c:\program files (x86)\windows kits\10\include\10.0.10240.0\ucrt\corecrt_wconio.h(255): warning C4514: '_cwprintf_p': unreferenced inline function has been removed
c:\program files (x86)\windows kits\10\include\10.0.10240.0\ucrt\corecrt_wconio.h(303): warning C4514: '_vcwscanf': unreferenced inline function has been removed
c:\program files (x86)\windows kits\10\include\10.0.10240.0\ucrt\corecrt_wconio.h(335): warning C4514: '_vcwscanf_s': unreferenced inline function has been removed
c:\program files (x86)\windows kits\10\include\10.0.10240.0\ucrt\corecrt_wconio.h(348): warning C4514: '_cwscanf_l': unreferenced inline function has been removed
c:\program files (x86)\windows kits\10\include\10.0.10240.0\ucrt\corecrt_wconio.h(371): warning C4514: '_cwscanf': unreferenced inline function has been removed
c:\program files (x86)\windows kits\10\include\10.0.10240.0\ucrt\corecrt_wconio.h(393): warning C4514: '_cwscanf_s_l': unreferenced inline function has been removed
c:\program files (x86)\windows kits\10\include\10.0.10240.0\ucrt\corecrt_wconio.h(411): warning C4514: '_cwscanf_s': unreferenced inline function has been removed
c:\program files (x86)\windows kits\10\include\10.0.10240.0\ucrt\corecrt_wio.h(227): warning C4514: '_wopen': unreferenced inline function has been removed
c:\program files (x86)\windows kits\10\include\10.0.10240.0\ucrt\corecrt_wio.h(240): warning C4514: '_wsopen': unreferenced inline function has been removed
c:\program files (x86)\windows kits\10\include\10.0.10240.0\ucrt\corecrt_wtime.h(185): warning C4514: '_wctime': unreferenced inline function has been removed
c:\program files (x86)\windows kits\10\include\10.0.10240.0\ucrt\corecrt_wtime.h(192): warning C4514: '_wctime_s': unreferenced inline function has been removed
c:\program files (x86)\windows kits\10\include\10.0.10240.0\ucrt\sys\stat.h(236): warning C4514: 'fstat': unreferenced inline function has been removed
c:\program files (x86)\windows kits\10\include\10.0.10240.0\ucrt\sys\stat.h(241): warning C4514: 'stat': unreferenced inline function has been removed
c:\program files (x86)\windows kits\10\include\10.0.10240.0\ucrt\wchar.h(181): warning C4514: 'fwide': unreferenced inline function has been removed
c:\program files (x86)\windows kits\10\include\10.0.10240.0\ucrt\wchar.h(190): warning C4514: 'mbsinit': unreferenced inline function has been removed
c:\program files (x86)\windows kits\10\include\10.0.10240.0\ucrt\wchar.h(269): warning C4514: 'wmemchr': unreferenced inline function has been removed
c:\program files (x86)\microsoft visual studio 14.0\vc\include\vcruntime_new.h(92): warning C4514: 'operator delete': unreferenced inline function has been removed
c:\program files (x86)\microsoft visual studio 14.0\vc\include\vcruntime_new.h(101): warning C4514: 'operator new[]': unreferenced inline function has been removed
c:\program files (x86)\microsoft visual studio 14.0\vc\include\vcruntime_new.h(107): warning C4514: 'operator delete[]': unreferenced inline function has been removed
c:\program files (x86)\windows kits\10\include\10.0.10240.0\ucrt\ctype.h(175): warning C4514: '_ischartype_l': unreferenced inline function has been removed
c:\users\elnin\documents\visual studio 2015\projects\consoleapplication7\consoleapplication7\helloworld.cpp(12): warning C4710: 'std::string std::locale::name(void) const': function not inlined
  c:\program files (x86)\microsoft visual studio 14.0\vc\include\xlocale(447): note: see declaration of 'std::locale::name'
c:\users\elnin\documents\visual studio 2015\projects\consoleapplication7\consoleapplication7\helloworld.cpp(12): warning C4710: 'std::string std::error_code::message(void) const': function not inlined
  c:\program files (x86)\microsoft visual studio 14.0\vc\include\system_error(278): note: see declaration of 'std::error_code::message'
c:\users\elnin\documents\visual studio 2015\projects\consoleapplication7\consoleapplication7\helloworld.cpp(12): warning C4710: 'std::string std::_System_error::_Makestr(std::error_code,std::string)': function not inlined
  c:\program files (x86)\microsoft visual studio 14.0\vc\include\system_error(512): note: see declaration of 'std::_System_error::_Makestr'
c:\users\elnin\documents\visual studio 2015\projects\consoleapplication7\consoleapplication7\helloworld.cpp(12): warning C4710: 'std::string std::_Generic_error_category::message(int) const': function not inlined
  c:\program files (x86)\microsoft visual studio 14.0\vc\include\system_error(604): note: see declaration of 'std::_Generic_error_category::message'
c:\users\elnin\documents\visual studio 2015\projects\consoleapplication7\consoleapplication7\helloworld.cpp(12): warning C4710: 'std::string std::_Iostream_error_category::message(int) const': function not inlined
  c:\program files (x86)\microsoft visual studio 14.0\vc\include\system_error(625): note: see declaration of 'std::_Iostream_error_category::message'
c:\users\elnin\documents\visual studio 2015\projects\consoleapplication7\consoleapplication7\helloworld.cpp(12): warning C4710: 'std::string std::_System_error_category::message(int) const': function not inlined
  c:\program files (x86)\microsoft visual studio 14.0\vc\include\system_error(649): note: see declaration of 'std::_System_error_category::message'
c:\users\elnin\documents\visual studio 2015\projects\consoleapplication7\consoleapplication7\helloworld.cpp(12): warning C4710: 'std::locale std::ios_base::getloc(void) const': function not inlined
  c:\program files (x86)\microsoft visual studio 14.0\vc\include\xiosbase(433): note: see declaration of 'std::ios_base::getloc'
c:\program files (x86)\windows kits\10\include\10.0.10240.0\ucrt\time.h(475): warning C4514: 'ctime': unreferenced inline function has been removed
c:\program files (x86)\windows kits\10\include\10.0.10240.0\ucrt\time.h(486): warning C4514: 'difftime': unreferenced inline function has been removed
c:\program files (x86)\windows kits\10\include\10.0.10240.0\ucrt\time.h(495): warning C4514: 'gmtime': unreferenced inline function has been removed
c:\program files (x86)\windows kits\10\include\10.0.10240.0\ucrt\time.h(505): warning C4514: 'localtime': unreferenced inline function has been removed
c:\program files (x86)\windows kits\10\include\10.0.10240.0\ucrt\time.h(516): warning C4514: '_mkgmtime': unreferenced inline function has been removed
c:\program files (x86)\windows kits\10\include\10.0.10240.0\ucrt\time.h(524): warning C4514: 'mktime': unreferenced inline function has been removed
c:\program files (x86)\windows kits\10\include\10.0.10240.0\ucrt\time.h(531): warning C4514: 'time': unreferenced inline function has been removed
c:\program files (x86)\windows kits\10\include\10.0.10240.0\ucrt\time.h(539): warning C4514: 'timespec_get': unreferenced inline function has been removed
c:\program files (x86)\windows kits\10\include\10.0.10240.0\ucrt\time.h(549): warning C4514: 'ctime_s': unreferenced inline function has been removed
c:\program files (x86)\windows kits\10\include\10.0.10240.0\ucrt\time.h(559): warning C4514: 'gmtime_s': unreferenced inline function has been removed
c:\program files (x86)\windows kits\10\include\10.0.10240.0\ucrt\time.h(568): warning C4514: 'localtime_s': unreferenced inline function has been removed
c:\users\elnin\documents\visual studio 2015\projects\consoleapplication7\consoleapplication7\helloworld.cpp(12): warning C4710: 'std::basic_string<wchar_t,std::char_traits<wchar_t>,std::allocator<wchar_t>> std::numpunct<wchar_t>::do_truename(void) const': function not inlined
  c:\program files (x86)\microsoft visual studio 14.0\vc\include\xlocnum(250): note: see declaration of 'std::numpunct<wchar_t>::do_truename'
c:\users\elnin\documents\visual studio 2015\projects\consoleapplication7\consoleapplication7\helloworld.cpp(12): warning C4710: 'std::basic_string<wchar_t,std::char_traits<wchar_t>,std::allocator<wchar_t>> std::numpunct<wchar_t>::do_falsename(void) const': function not inlined
  c:\program files (x86)\microsoft visual studio 14.0\vc\include\xlocnum(245): note: see declaration of 'std::numpunct<wchar_t>::do_falsename'
c:\users\elnin\documents\visual studio 2015\projects\consoleapplication7\consoleapplication7\helloworld.cpp(12): warning C4710: 'std::string std::numpunct<wchar_t>::do_grouping(void) const': function not inlined
  c:\program files (x86)\microsoft visual studio 14.0\vc\include\xlocnum(240): note: see declaration of 'std::numpunct<wchar_t>::do_grouping'
c:\users\elnin\documents\visual studio 2015\projects\consoleapplication7\consoleapplication7\helloworld.cpp(12): warning C4710: 'std::basic_string<char,std::char_traits<char>,std::allocator<char>> std::numpunct<char>::do_truename(void) const': function not inlined
  c:\program files (x86)\microsoft visual studio 14.0\vc\include\xlocnum(250): note: see declaration of 'std::numpunct<char>::do_truename'
c:\users\elnin\documents\visual studio 2015\projects\consoleapplication7\consoleapplication7\helloworld.cpp(12): warning C4710: 'std::basic_string<char,std::char_traits<char>,std::allocator<char>> std::numpunct<char>::do_falsename(void) const': function not inlined
  c:\program files (x86)\microsoft visual studio 14.0\vc\include\xlocnum(245): note: see declaration of 'std::numpunct<char>::do_falsename'
c:\users\elnin\documents\visual studio 2015\projects\consoleapplication7\consoleapplication7\helloworld.cpp(12): warning C4710: 'std::string std::numpunct<char>::do_grouping(void) const': function not inlined
  c:\program files (x86)\microsoft visual studio 14.0\vc\include\xlocnum(240): note: see declaration of 'std::numpunct<char>::do_grouping'
c:\users\elnin\documents\visual studio 2015\projects\consoleapplication7\consoleapplication7\helloworld.cpp(12): warning C4710: 'std::basic_string<wchar_t,std::char_traits<wchar_t>,std::allocator<wchar_t>> std::numpunct<wchar_t>::truename(void) const': function not inlined
  c:\program files (x86)\microsoft visual studio 14.0\vc\include\xlocnum(142): note: see declaration of 'std::numpunct<wchar_t>::truename'
c:\users\elnin\documents\visual studio 2015\projects\consoleapplication7\consoleapplication7\helloworld.cpp(12): warning C4710: 'std::basic_string<wchar_t,std::char_traits<wchar_t>,std::allocator<wchar_t>> std::numpunct<wchar_t>::falsename(void) const': function not inlined
  c:\program files (x86)\microsoft visual studio 14.0\vc\include\xlocnum(137): note: see declaration of 'std::numpunct<wchar_t>::falsename'
c:\users\elnin\documents\visual studio 2015\projects\consoleapplication7\consoleapplication7\helloworld.cpp(12): warning C4710: 'std::basic_string<char,std::char_traits<char>,std::allocator<char>> std::numpunct<char>::truename(void) const': function not inlined
  c:\program files (x86)\microsoft visual studio 14.0\vc\include\xlocnum(142): note: see declaration of 'std::numpunct<char>::truename'
c:\users\elnin\documents\visual studio 2015\projects\consoleapplication7\consoleapplication7\helloworld.cpp(12): warning C4710: 'std::basic_string<char,std::char_traits<char>,std::allocator<char>> std::numpunct<char>::falsename(void) const': function not inlined
  c:\program files (x86)\microsoft visual studio 14.0\vc\include\xlocnum(137): note: see declaration of 'std::numpunct<char>::falsename'
c:\users\elnin\documents\visual studio 2015\projects\consoleapplication7\consoleapplication7\helloworld.cpp(12): warning C4710: 'std::string std::numpunct<wchar_t>::grouping(void) const': function not inlined
  c:\program files (x86)\microsoft visual studio 14.0\vc\include\xlocnum(132): note: see declaration of 'std::numpunct<wchar_t>::grouping'
c:\users\elnin\documents\visual studio 2015\projects\consoleapplication7\consoleapplication7\helloworld.cpp(12): warning C4710: 'std::string std::numpunct<char>::grouping(void) const': function not inlined
  c:\program files (x86)\microsoft visual studio 14.0\vc\include\xlocnum(132): note: see declaration of 'std::numpunct<char>::grouping'
c:\users\elnin\documents\visual studio 2015\projects\consoleapplication7\consoleapplication7\helloworld.cpp(12): warning C4710: 'std::basic_string<char,std::char_traits<char>,std::allocator<char>> std::_Integral_to_string<char,int>(const _Ty)': function not inlined
          with
          [
              _Ty=int
          ]
  c:\program files (x86)\microsoft visual studio 14.0\vc\include\string(526): note: see declaration of 'std::_Integral_to_string'
c:\users\elnin\documents\visual studio 2015\projects\consoleapplication7\consoleapplication7\helloworld.cpp(12): warning C4710: 'std::basic_string<char,std::char_traits<char>,std::allocator<char>> std::_Integral_to_string<char,unsigned int>(const _Ty)': function not inlined
          with
          [
              _Ty=unsigned int
          ]
  c:\program files (x86)\microsoft visual studio 14.0\vc\include\string(526): note: see declaration of 'std::_Integral_to_string'
c:\users\elnin\documents\visual studio 2015\projects\consoleapplication7\consoleapplication7\helloworld.cpp(12): warning C4710: 'std::basic_string<char,std::char_traits<char>,std::allocator<char>> std::_Integral_to_string<char,long>(const _Ty)': function not inlined
          with
          [
              _Ty=long
          ]
  c:\program files (x86)\microsoft visual studio 14.0\vc\include\string(526): note: see declaration of 'std::_Integral_to_string'
c:\users\elnin\documents\visual studio 2015\projects\consoleapplication7\consoleapplication7\helloworld.cpp(12): warning C4710: 'std::basic_string<char,std::char_traits<char>,std::allocator<char>> std::_Integral_to_string<char,unsigned long>(const _Ty)': function not inlined
          with
          [
              _Ty=unsigned long
          ]
  c:\program files (x86)\microsoft visual studio 14.0\vc\include\string(526): note: see declaration of 'std::_Integral_to_string'
c:\users\elnin\documents\visual studio 2015\projects\consoleapplication7\consoleapplication7\helloworld.cpp(12): warning C4710: 'std::basic_string<char,std::char_traits<char>,std::allocator<char>> std::_Integral_to_string<char,__int64>(const _Ty)': function not inlined
          with
          [
              _Ty=__int64
          ]
  c:\program files (x86)\microsoft visual studio 14.0\vc\include\string(526): note: see declaration of 'std::_Integral_to_string'
c:\users\elnin\documents\visual studio 2015\projects\consoleapplication7\consoleapplication7\helloworld.cpp(12): warning C4710: 'std::basic_string<char,std::char_traits<char>,std::allocator<char>> std::_Integral_to_string<char,unsigned __int64>(const _Ty)': function not inlined
          with
          [
              _Ty=unsigned __int64
          ]
  c:\program files (x86)\microsoft visual studio 14.0\vc\include\string(526): note: see declaration of 'std::_Integral_to_string'
c:\users\elnin\documents\visual studio 2015\projects\consoleapplication7\consoleapplication7\helloworld.cpp(12): warning C4710: 'std::string std::_Floating_to_string<float>(const char *,_Ty)': function not inlined
          with
          [
              _Ty=float
          ]
  c:\program files (x86)\microsoft visual studio 14.0\vc\include\string(546): note: see declaration of 'std::_Floating_to_string'
c:\users\elnin\documents\visual studio 2015\projects\consoleapplication7\consoleapplication7\helloworld.cpp(12): warning C4710: 'std::string std::_Floating_to_string<double>(const char *,_Ty)': function not inlined
          with
          [
              _Ty=double
          ]
  c:\program files (x86)\microsoft visual studio 14.0\vc\include\string(546): note: see declaration of 'std::_Floating_to_string'
c:\users\elnin\documents\visual studio 2015\projects\consoleapplication7\consoleapplication7\helloworld.cpp(12): warning C4710: 'std::string std::_Floating_to_string<long double>(const char *,_Ty)': function not inlined
          with
          [
              _Ty=long double
          ]
  c:\program files (x86)\microsoft visual studio 14.0\vc\include\string(546): note: see declaration of 'std::_Floating_to_string'
c:\users\elnin\documents\visual studio 2015\projects\consoleapplication7\consoleapplication7\helloworld.cpp(12): warning C4710: 'std::basic_string<wchar_t,std::char_traits<wchar_t>,std::allocator<wchar_t>> std::_Integral_to_string<wchar_t,int>(const _Ty)': function not inlined
          with
          [
              _Ty=int
          ]
  c:\program files (x86)\microsoft visual studio 14.0\vc\include\string(526): note: see declaration of 'std::_Integral_to_string'
c:\users\elnin\documents\visual studio 2015\projects\consoleapplication7\consoleapplication7\helloworld.cpp(12): warning C4710: 'std::basic_string<wchar_t,std::char_traits<wchar_t>,std::allocator<wchar_t>> std::_Integral_to_string<wchar_t,unsigned int>(const _Ty)': function not inlined
          with
          [
              _Ty=unsigned int
          ]
  c:\program files (x86)\microsoft visual studio 14.0\vc\include\string(526): note: see declaration of 'std::_Integral_to_string'
c:\users\elnin\documents\visual studio 2015\projects\consoleapplication7\consoleapplication7\helloworld.cpp(12): warning C4710: 'std::basic_string<wchar_t,std::char_traits<wchar_t>,std::allocator<wchar_t>> std::_Integral_to_string<wchar_t,long>(const _Ty)': function not inlined
          with
          [
              _Ty=long
          ]
  c:\program files (x86)\microsoft visual studio 14.0\vc\include\string(526): note: see declaration of 'std::_Integral_to_string'
c:\users\elnin\documents\visual studio 2015\projects\consoleapplication7\consoleapplication7\helloworld.cpp(12): warning C4710: 'std::basic_string<wchar_t,std::char_traits<wchar_t>,std::allocator<wchar_t>> std::_Integral_to_string<wchar_t,unsigned long>(const _Ty)': function not inlined
          with
          [
              _Ty=unsigned long
          ]
  c:\program files (x86)\microsoft visual studio 14.0\vc\include\string(526): note: see declaration of 'std::_Integral_to_string'
c:\users\elnin\documents\visual studio 2015\projects\consoleapplication7\consoleapplication7\helloworld.cpp(12): warning C4710: 'std::basic_string<wchar_t,std::char_traits<wchar_t>,std::allocator<wchar_t>> std::_Integral_to_string<wchar_t,__int64>(const _Ty)': function not inlined
          with
          [
              _Ty=__int64
          ]
  c:\program files (x86)\microsoft visual studio 14.0\vc\include\string(526): note: see declaration of 'std::_Integral_to_string'
c:\users\elnin\documents\visual studio 2015\projects\consoleapplication7\consoleapplication7\helloworld.cpp(12): warning C4710: 'std::basic_string<wchar_t,std::char_traits<wchar_t>,std::allocator<wchar_t>> std::_Integral_to_string<wchar_t,unsigned __int64>(const _Ty)': function not inlined
          with
          [
              _Ty=unsigned __int64
          ]
  c:\program files (x86)\microsoft visual studio 14.0\vc\include\string(526): note: see declaration of 'std::_Integral_to_string'
c:\users\elnin\documents\visual studio 2015\projects\consoleapplication7\consoleapplication7\helloworld.cpp(12): warning C4710: 'std::wstring std::_Floating_to_wstring<float>(const wchar_t *,_Ty)': function not inlined
          with
          [
              _Ty=float
          ]
  c:\program files (x86)\microsoft visual studio 14.0\vc\include\string(559): note: see declaration of 'std::_Floating_to_wstring'
c:\users\elnin\documents\visual studio 2015\projects\consoleapplication7\consoleapplication7\helloworld.cpp(12): warning C4710: 'std::wstring std::_Floating_to_wstring<double>(const wchar_t *,_Ty)': function not inlined
          with
          [
              _Ty=double
          ]
  c:\program files (x86)\microsoft visual studio 14.0\vc\include\string(559): note: see declaration of 'std::_Floating_to_wstring'
c:\users\elnin\documents\visual studio 2015\projects\consoleapplication7\consoleapplication7\helloworld.cpp(12): warning C4710: 'std::wstring std::_Floating_to_wstring<long double>(const wchar_t *,_Ty)': function not inlined
          with
          [
              _Ty=long double
          ]
  c:\program files (x86)\microsoft visual studio 14.0\vc\include\string(559): note: see declaration of 'std::_Floating_to_wstring'
  ConsoleApplication7.vcxproj -> C:\Users\elnin\Documents\Visual Studio 2015\Projects\ConsoleApplication7\Debug\ConsoleApplication7.exe
  ConsoleApplication7.vcxproj -> C:\Users\elnin\Documents\Visual Studio 2015\Projects\ConsoleApplication7\Debug\ConsoleApplication7.pdb (Full PDB)
